L 11/05/2021 - 21:51:25: Log file started (file "logs/L1105003.log") (game "/serverdata/serverfiles/garrysmod") (version "8283")
L 11/05/2021 - 21:51:25: server_cvar: "sbox_godmode" "1"
L 11/05/2021 - 21:51:25: server_cvar: "sbox_maxprops" "150"
L 11/05/2021 - 21:51:25: server_cvar: "sbox_maxragdolls" "6"
L 11/05/2021 - 21:51:25: server_cvar: "sbox_maxnpcs" "20"
L 11/05/2021 - 21:51:25: server_cvar: "sbox_maxballoons" "6"
L 11/05/2021 - 21:51:25: server_cvar: "sbox_maxeffects" "6"
L 11/05/2021 - 21:51:25: server_cvar: "sbox_maxdynamite" "6"
L 11/05/2021 - 21:51:25: server_cvar: "sbox_maxlamps" "6"
L 11/05/2021 - 21:51:25: server_cvar: "sbox_maxthrusters" "6"
L 11/05/2021 - 21:51:25: server_cvar: "sbox_maxwheels" "6"
L 11/05/2021 - 21:51:25: server_cvar: "sbox_maxhoverballs" "6"
L 11/05/2021 - 21:51:25: server_cvar: "sbox_maxvehicles" "70"
L 11/05/2021 - 21:51:25: server_cvar: "sbox_maxbuttons" "10"
L 11/05/2021 - 21:51:25: server_cvar: "sbox_maxemitters" "6"
L 11/05/2021 - 21:51:25: server_cvar: "sv_allowcslua" "1"
L 11/05/2021 - 21:51:25: server_cvar: "sv_airaccelerate" "1000"
L 11/05/2021 - 21:51:26: Connection to Steam servers successful.
L 11/05/2021 - 21:51:26:    Public IP is 47.210.14.34.
L 11/05/2021 - 21:51:26: Assigned anonymous gameserver Steam ID [A-1:918240265(18822)].
L 11/05/2021 - 21:51:26: VAC secure mode is activated.
L 11/05/2021 - 21:52:00: "GHOST<2><STEAM_0:0:90023306><>" connected, address "47.210.14.34:27005"
L 11/05/2021 - 21:52:00: "GHOST<2><STEAM_0:0:90023306><>" STEAM USERID validated
L 11/05/2021 - 21:52:21: [FAdmin] GHOST (STEAM_0:0:90023306) Spawned for the first time
L 11/05/2021 - 21:52:21: [FAdmin] GHOST (STEAM_0:0:90023306) Spawned
L 11/05/2021 - 21:52:22: "GHOST<2><STEAM_0:0:90023306><>" entered the game
L 11/05/2021 - 21:52:22: [FAdmin] GHOST (STEAM_0:0:90023306) Attempted to pick up a keys
L 11/05/2021 - 21:52:22: [FAdmin] GHOST (STEAM_0:0:90023306) Attempted to pick up a weapon_physcannon
L 11/05/2021 - 21:52:22: [FAdmin] GHOST (STEAM_0:0:90023306) Attempted to pick up a gmod_camera
L 11/05/2021 - 21:52:22: [FAdmin] GHOST (STEAM_0:0:90023306) Attempted to pick up a gmod_tool
L 11/05/2021 - 21:52:22: [FAdmin] GHOST (STEAM_0:0:90023306) Attempted to pick up a pocket
L 11/05/2021 - 21:52:22: [FAdmin] GHOST (STEAM_0:0:90023306) Attempted to pick up a weapon_physgun
L 11/05/2021 - 21:52:22: [FAdmin] GHOST (STEAM_0:0:90023306) is Authed
L 11/05/2021 - 21:52:36: [FAdmin] GHOST (STEAM_0:0:90023306) changed from Gun Dealer to Citizen
L 11/05/2021 - 21:52:36: [FAdmin] GHOST (STEAM_0:0:90023306) Attempted to pick up a keys
L 11/05/2021 - 21:52:36: [FAdmin] GHOST (STEAM_0:0:90023306) Attempted to pick up a weapon_physcannon
L 11/05/2021 - 21:52:36: [FAdmin] GHOST (STEAM_0:0:90023306) Attempted to pick up a gmod_camera
L 11/05/2021 - 21:52:36: [FAdmin] GHOST (STEAM_0:0:90023306) Attempted to pick up a gmod_tool
L 11/05/2021 - 21:52:36: [FAdmin] GHOST (STEAM_0:0:90023306) Attempted to pick up a pocket
L 11/05/2021 - 21:52:36: [FAdmin] GHOST (STEAM_0:0:90023306) Attempted to pick up a weapon_physgun
L 11/05/2021 - 21:52:36: [FAdmin] GHOST (STEAM_0:0:90023306) Attempted to pick up a weapon_keypadchecker
L 11/05/2021 - 21:52:36: [FAdmin] GHOST (STEAM_0:0:90023306) Attempted to pick up a door_ram
L 11/05/2021 - 21:52:36: [FAdmin] GHOST (STEAM_0:0:90023306) Attempted to pick up a arrest_stick
L 11/05/2021 - 21:52:36: [FAdmin] GHOST (STEAM_0:0:90023306) Attempted to pick up a unarrest_stick
L 11/05/2021 - 21:52:36: [FAdmin] GHOST (STEAM_0:0:90023306) Attempted to pick up a stunstick
L 11/05/2021 - 21:52:36: [FAdmin] GHOST (STEAM_0:0:90023306) Attempted to pick up a weaponchecker
L 11/05/2021 - 21:52:52: [FAdmin] GHOST (STEAM_0:0:90023306) changed from Citizen to Colonel
L 11/05/2021 - 21:52:52: [FAdmin] GHOST (STEAM_0:0:90023306) Attempted to pick up a weapon_glock2
L 11/05/2021 - 21:52:52: [FAdmin] GHOST (STEAM_0:0:90023306) Attempted to pick up a arrest_stick
L 11/05/2021 - 21:52:52: [FAdmin] GHOST (STEAM_0:0:90023306) Attempted to pick up a unarrest_stick
L 11/05/2021 - 21:52:52: [FAdmin] GHOST (STEA