L 11/06/2021 - 23:38:59: Log file started (file "logs/L1106004.log") (game "/serverdata/serverfiles/garrysmod") (version "8283")
L 11/06/2021 - 23:38:59: server_cvar: "sbox_godmode" "1"
L 11/06/2021 - 23:38:59: server_cvar: "sbox_maxprops" "150"
L 11/06/2021 - 23:38:59: server_cvar: "sbox_maxragdolls" "6"
L 11/06/2021 - 23:38:59: server_cvar: "sbox_maxnpcs" "20"
L 11/06/2021 - 23:38:59: server_cvar: "sbox_maxballoons" "6"
L 11/06/2021 - 23:38:59: server_cvar: "sbox_maxeffects" "6"
L 11/06/2021 - 23:38:59: server_cvar: "sbox_maxdynamite" "6"
L 11/06/2021 - 23:38:59: server_cvar: "sbox_maxlamps" "6"
L 11/06/2021 - 23:38:59: server_cvar: "sbox_maxthrusters" "6"
L 11/06/2021 - 23:38:59: server_cvar: "sbox_maxwheels" "6"
L 11/06/2021 - 23:38:59: server_cvar: "sbox_maxhoverballs" "6"
L 11/06/2021 - 23:38:59: server_cvar: "sbox_maxvehicles" "70"
L 11/06/2021 - 23:38:59: server_cvar: "sbox_maxbuttons" "10"
L 11/06/2021 - 23:38:59: server_cvar: "sbox_maxemitters" "6"
L 11/06/2021 - 23:38:59: server_cvar: "sbox_godmode" "0"
L 11/06/2021 - 23:38:59: server_cvar: "sbox_noclip" "0"
L 11/06/2021 - 23:38:59: server_cvar: "sv_allowcslua" "1"
L 11/06/2021 - 23:38:59: server_cvar: "sv_airaccelerate" "1000"
L 11/06/2021 - 23:38:59: Connection to Steam servers successful.
L 11/06/2021 - 23:38:59:    Public IP is 47.210.14.34.
L 11/06/2021 - 23:38:59: Assigned persistent gameserver Steam ID [G-1:4547073].
L 11/06/2021 - 23:38:59: VAC secure mode is activated.
L 11/06/2021 - 23:39:38: "GHOST<2><STEAM_0:0:90023306><>" connected, address "172.17.0.1:49001"
L 11/06/2021 - 23:39:38: "GHOST<2><STEAM_0:0:90023306><>" STEAM USERID validated
L 11/06/2021 - 23:39:58: [FAdmin] GHOST (STEAM_0:0:90023306) Spawned for the first time
L 11/06/2021 - 23:39:58: [FAdmin] GHOST (STEAM_0:0:90023306) Spawned
L 11/06/2021 - 23:39:59: "GHOST<2><STEAM_0:0:90023306><>" entered the game
L 11/06/2021 - 23:39:59: [FAdmin] GHOST (STEAM_0:0:90023306) Attempted to pick up a med_kit
L 11/06/2021 - 23:39:59: [FAdmin] GHOST (STEAM_0:0:90023306) Attempted to pick up a weapon_deagle2
L 11/06/2021 - 23:39:59: [FAdmin] GHOST (STEAM_0:0:90023306) Attempted to pick up a arrest_stick
L 11/06/2021 - 23:39:59: [FAdmin] GHOST (STEAM_0:0:90023306) Attempted to pick up a unarrest_stick
L 11/06/2021 - 23:39:59: [FAdmin] GHOST (STEAM_0:0:90023306) Attempted to pick up a keys
L 11/06/2021 - 23:39:59: [FAdmin] GHOST (STEAM_0:0:90023306) Attempted to pick up a weapon_physcannon
L 11/06/2021 - 23:39:59: [FAdmin] GHOST (STEAM_0:0:90023306) Attempted to pick up a gmod_camera
L 11/06/2021 - 23:39:59: [FAdmin] GHOST (STEAM_0:0:90023306) Attempted to pick up a gmod_tool
L 11/06/2021 - 23:39:59: [FAdmin] GHOST (STEAM_0:0:90023306) Attempted to pick up a pocket
L 11/06/2021 - 23:39:59: [FAdmin] GHOST (STEAM_0:0:90023306) Attempted to pick up a weapon_physgun
L 11/06/2021 - 23:39:59: [FAdmin] GHOST (STEAM_0:0:90023306) Attempted to pick up a weapon_keypadchecker
L 11/06/2021 - 23:39:59: [FAdmin] GHOST (STEAM_0:0:90023306) Attempted to pick up a door_ram
L 11/06/2021 - 23:39:59: [FAdmin] GHOST (STEAM_0:0:90023306) Attempted to pick up a stunstick
L 11/06/2021 - 23:39:59: [FAdmin] GHOST (STEAM_0:0:90023306) Attempted to pick up a weaponchecker
L 11/06/2021 - 23:39:59: [FAdmin] GHOST (STEAM_0:0:90023306) is Authed
L 11/06/2021 - 23:45:03: "Xanthus<3><STEAM_0:0:503527060><>" connected, address "203.30.2.241:64172"
L 11/06/2021 - 23:45:15: "Xanthus<3><STEAM_0:0:503527060><>" STEAM USERID validated
L 11/06/2021 - 23:45:37: [FAdmin] Xanthus (STEAM_0:0:503527060) Spawned for the first time
L 11/06/2021 - 23:45:37: [FAdmin] Xanthus (STEAM_0:0:503527060) Spawned
L 11/06/2021 - 23:45:37: "Xanthus<3><STEAM_0:0:503527060><>" entered the game
L 11/06/2021 - 23:45:37: [FAdmin] Xanthus (STEAM_0:0:503527060) Attempted to pick up a med_kit
L 11/06/2021 - 23:45:37: [FAdmin] Xanthus (STEAM_0:0:503527060) Attempted to pick up a weapon_deagle2
L 11/06/2021 - 23:45:37: [FAdmin] Xanthus (STEAM_0:0:503527060) Attempted to pick up a arrest_stick
L 11/06/2021 - 23:45:37: [FAdmin] Xanthus (STEAM_0:0:503527060) Attempted to pick 