L 11/06/2021 - 18:24:32: Log file started (file "logs/L1106003.log") (game "/serverdata/serverfiles/garrysmod") (version "8283")
L 11/06/2021 - 18:24:32: server_cvar: "sbox_godmode" "1"
L 11/06/2021 - 18:24:32: server_cvar: "sbox_maxprops" "150"
L 11/06/2021 - 18:24:32: server_cvar: "sbox_maxragdolls" "6"
L 11/06/2021 - 18:24:32: server_cvar: "sbox_maxnpcs" "20"
L 11/06/2021 - 18:24:32: server_cvar: "sbox_maxballoons" "6"
L 11/06/2021 - 18:24:32: server_cvar: "sbox_maxeffects" "6"
L 11/06/2021 - 18:24:32: server_cvar: "sbox_maxdynamite" "6"
L 11/06/2021 - 18:24:32: server_cvar: "sbox_maxlamps" "6"
L 11/06/2021 - 18:24:32: server_cvar: "sbox_maxthrusters" "6"
L 11/06/2021 - 18:24:32: server_cvar: "sbox_maxwheels" "6"
L 11/06/2021 - 18:24:32: server_cvar: "sbox_maxhoverballs" "6"
L 11/06/2021 - 18:24:32: server_cvar: "sbox_maxvehicles" "70"
L 11/06/2021 - 18:24:32: server_cvar: "sbox_maxbuttons" "10"
L 11/06/2021 - 18:24:32: server_cvar: "sbox_maxemitters" "6"
L 11/06/2021 - 18:24:32: server_cvar: "sv_allowcslua" "1"
L 11/06/2021 - 18:24:32: server_cvar: "sv_airaccelerate" "1000"
L 11/06/2021 - 18:24:32: Connection to Steam servers successful.
L 11/06/2021 - 18:24:32:    Public IP is 47.210.14.34.
L 11/06/2021 - 18:24:32: Assigned persistent gameserver Steam ID [G-1:4547073].
L 11/06/2021 - 18:24:32: VAC secure mode is activated.
L 11/06/2021 - 21:39:44: "Xanthus<2><STEAM_0:0:503527060><>" connected, address "203.30.2.241:64225"
L 11/06/2021 - 21:39:44: "Xanthus<2><STEAM_0:0:503527060><>" STEAM USERID validated
L 11/06/2021 - 21:39:52: "Xanthus<2><STEAM_0:0:503527060><>" disconnected (reason "Bad map")
L 11/06/2021 - 21:40:40: "Xanthus<3><STEAM_0:0:503527060><>" connected, address "203.30.2.241:64190"
L 11/06/2021 - 21:40:40: "Xanthus<3><STEAM_0:0:503527060><>" STEAM USERID validated
L 11/06/2021 - 21:40:45: "Xanthus<3><STEAM_0:0:503527060><>" disconnected (reason "Bad map")
L 11/06/2021 - 22:12:42: "GHOST<4><STEAM_0:0:90023306><>" connected, address "192.168.0.148:27005"
L 11/06/2021 - 22:12:43: "GHOST<4><STEAM_0:0:90023306><>" STEAM USERID validated
L 11/06/2021 - 22:13:16: [FAdmin] GHOST (STEAM_0:0:90023306) Spawned for the first time
L 11/06/2021 - 22:13:16: [FAdmin] GHOST (STEAM_0:0:90023306) Spawned
L 11/06/2021 - 22:13:16: "GHOST<4><STEAM_0:0:90023306><>" entered the game
L 11/06/2021 - 22:13:16: [FAdmin] GHOST (STEAM_0:0:90023306) Attempted to pick up a keys
L 11/06/2021 - 22:13:16: [FAdmin] GHOST (STEAM_0:0:90023306) Attempted to pick up a weapon_physcannon
L 11/06/2021 - 22:13:16: [FAdmin] GHOST (STEAM_0:0:90023306) Attempted to pick up a gmod_camera
L 11/06/2021 - 22:13:16: [FAdmin] GHOST (STEAM_0:0:90023306) Attempted to pick up a gmod_tool
L 11/06/2021 - 22:13:16: [FAdmin] GHOST (STEAM_0:0:90023306) Attempted to pick up a pocket
L 11/06/2021 - 22:13:16: [FAdmin] GHOST (STEAM_0:0:90023306) Attempted to pick up a weapon_physgun
L 11/06/2021 - 22:13:16: [FAdmin] GHOST (STEAM_0:0:90023306) is Authed
L 11/06/2021 - 22:39:00: "Xanthus<5><STEAM_0:0:503527060><>" connected, address "203.30.2.241:64172"
L 11/06/2021 - 22:39:00: "Xanthus<5><STEAM_0:0:503527060><>" STEAM USERID validated
L 11/06/2021 - 22:39:38: [FAdmin] Xanthus (STEAM_0:0:503527060) Spawned for the first time
L 11/06/2021 - 22:39:38: [FAdmin] Xanthus (STEAM_0:0:503527060) is Authed
L 11/06/2021 - 22:39:38: [FAdmin] Xanthus (STEAM_0:0:503527060) Spawned
L 11/06/2021 - 22:39:38: "Xanthus<5><STEAM_0:0:503527060><>" entered the game
L 11/06/2021 - 22:39:38: [FAdmin] Xanthus (STEAM_0:0:503527060) Attempted to pick up a keys
L 11/06/2021 - 22:39:38: [FAdmin] Xanthus (STEAM_0:0:503527060) Attempted to pick up a weapon_physcannon
L 11/06/2021 - 22:39:38: [FAdmin] Xanthus (STEAM_0:0:503527060) Attempted to pick up a gmod_camera
L 11/06/2021 - 22:39:38: [FAdmin] Xanthus (STEAM_0:0:503527060) Attempted to pick up a gmod_tool
L 11/06/2021 - 22:39:38: [FAdmin] Xanthus (STEAM_0:0:503527060) Attempted to pick up a pocket
L 11/06/2021 - 22:39:38: [FAdmin] Xanthus (STEAM_0:0:503527060) Attempted to pick up a weapon_physgun
L 11/06/2021 - 22:40:04: "Xanthus<5><STEAM_0:0:503527060><Gun Dealer>" say "Aye im in"

L 11/06/2021 - 22:40:24: "Xanthus<5><STEAM_0:0:503527060><Gun Dealer>" say "And i see you fixed the judge issue XD"

L 11/06/2021 - 22:40:41: [FAdmin] Xanthus (STEAM_0:0:503527060) changed from Gun Dealer to Thief 
L 11/06/2021 - 22:40:41: [FAdmin] Xanthus (STEAM_0:0:503527060) Attempted to pick up a lockpick
L 11/06/2021 - 22:40:41: [FAdmin] Xanthus (STEAM_0:0:503527060) Attempted to pick up a keys
L 11/06/2021 - 22:40:41: [FAdmin] Xanthus (STEAM_0:0:503527060) Attempted to pick up a weapon_physcannon
L 11/06/2021 - 22:40:41: [FAdmin] Xanthus (STEAM_0:0:503527060) Attempted to pick up a gmod_camera
L 11/06/2021 - 22:40:41: [FAdmin] Xanthus (STEAM_0:0:503527060) Attempted to pick up a gmod_tool
L 11/06/2021 - 22:40:41: [FAdmin] Xanthus (STEAM_0:0:503527060) Attempted to pick up a pocket
L 11/06/2021 - 22:40:41: [FAdmin] Xanthus (STEAM_0:0:503527060) Attempted to pick up a weapon_physgun
L 11/06/2021 - 22:41:16: [FAdmin] Xanthus (STEAM_0:0:503527060) Sprayed his spray
L 11/06/2021 - 22:41:18: "Xanthus<5><STEAM_0:0:503527060><Thief >" say "/raid"

L 11/06/2021 - 22:41:29: "Xanthus<5><STEAM_0:0:503527060><Thief >" say "/admins"

L 11/06/2021 - 22:41:42: [FAdmin] Xanthus (STEAM_0:0:503527060) Attempted to use tool rope
L 11/06/2021 - 22:41:42: [FAdmin] Xanthus (STEAM_0:0:503527060) Attempted to use tool rope
L 11/06/2021 - 22:41:43: [FAdmin] Xanthus (STEAM_0:0:503527060) Attempted to use tool rope
L 11/06/2021 - 22:41:49: "Xanthus<5><STEAM_0:0:503527060><Thief >" say "/goto GHOST"

L 11/06/2021 - 22:41:59: [FAdmin] Xanthus (STEAM_0:0:503527060) Attempted to switch noclip
L 11/06/2021 - 22:42:43: "Xanthus<5><STEAM_0:0:503527060><Thief >" say "/teleport GHOST"

L 11/06/2021 - 22:43:31: "Xanthus<5><STEAM_0:0:503527060><Thief >" say "/a hi"

L 11/06/2021 - 22:43:49: "Xanthus<5><STEAM_0:0:503527060><Thief >" say "/god GHOST"

L 11/06/2021 - 22:44:40: "Xanthus<5><STEAM_0:0:503527060><Thief >" say "/dropmoney 5"

L 11/06/2021 - 23:11:50: [FAdmin] Xanthus (STEAM_0:0:503527060) Attempted to switch noclip
L 11/06/2021 - 23:12:19: "Xanthus<5><STEAM_0:0:503527060><Thief >" say "/adminmode"

L 11/06/2021 - 23:13:17: [FAdmin] Xanthus (STEAM_0:0:503527060) Attempted to switch noclip
L 11/06/2021 - 23:13:23: [FAdmin] Xanthus (STEAM_0:0:503527060) Attempted to switch noclip
L 11/06/2021 - 23:13:43: [FAdmin] Xanthus (STEAM_0:0:503527060) Attempted to switch noclip
L 11/06/2021 - 23:13:46: [FAdmin] Xanthus (STEAM_0:0:503527060) Attempted to switch noclip
L 11/06/2021 - 23:14:32: [FAdmin] Xanthus (STEAM_0:0:503527060) Attempted to switch noclip
L 11/06/2021 - 23:16:02: [FAdmin] Xanthus (STEAM_0:0:503527060) Attempted to switch noclip
L 11/06/2021 - 23:16:13: [FAdmin] Xanthus (STEAM_0:0:503527060) Attempted to switch noclip
L 11/06/2021 - 23:16:24: [FAdmin] Xanthus (STEAM_0:0:503527060) Attempted to switch noclip
L 11/06/2021 - 23:16:25: [FAdmin] Xanthus (STEAM_0:0:503527060) Attempted to switch noclip
L 11/06/2021 - 23:16:31: [FAdmin] Xanthus (STEAM_0:0:503527060) Attempted to switch noclip
L 11/06/2021 - 23:16:32: [FAdmin] Xanthus (STEAM_0:0:503527060) Attempted to switch noclip
L 11/06/2021 - 23:16:38: [FAdmin] Xanthus (STEAM_0:0:503527060) Attempted to switch noclip
L 11/06/2021 - 23:17:00: [FAdmin] Xanthus (STEAM_0:0:503527060) Attempted to switch noclip
L 11/06/2021 - 23:17:07: [FAdmin] Xanthus (STEAM_0:0:503527060) Attempted to switch noclip
L 11/06/2021 - 23:17:08: [FAdmin] Xanthus (STEAM_0:0:503527060) Attempted to switch noclip
L 11/06/2021 - 23:17:09: [FAdmin] Xanthus (STEAM_0:0:503527060) Attempted to switch noclip
L 11/06/2021 - 23:17:15: [FAdmin] Xanthus (STEAM_0:0:503527060) Attempted to switch noclip
L 11/06/2021 - 23:17:21: [FAdmin] Xanthus (STEAM_0:0:503527060) Attempted to switch noclip
L 11/06/2021 - 23:17:23: [FAdmin] Xanthus (STEAM_0:0:503527060) Attempted to switch noclip
L 11/06/2021 - 23:17:28: [FAdmin] Xanthus (STEAM_0:0:503527060) Attempted to switch noclip
L 11/06/2021 - 23:17:29: [FAdmin] Xanthus (STEAM_0:0:503527060) Attempted to switch noclip
L 11/06/2021 - 23:17:30: [FAdmin] Xanthus (STEAM_0:0:503527060) Attempted to switch noclip
L 11/06/2021 - 23:17:30: [FAdmin] Xanthus (STEAM_0:0:503527060) Attempted to switch noclip
L 11/06/2021 - 23:17:31: [FAdmin] Xanthus (STEAM_0:0:503527060) Attempted to switch noclip
L 11/06/2021 - 23:17:48: [FAdmin] Xanthus (STEAM_0:0:503527060) Attempted to switch noclip
L 11/06/2021 - 23:17:53: [FAdmin] Xanthus (STEAM_0:0:503527060) Attempted to switch noclip
L 11/06/2021 - 23:17:56: [FAdmin] Xanthus (STEAM_0:0:503527060) Attempted to switch noclip
L 11/06/2021 - 23:17:57: [FAdmin] Xanthus (STEAM_0:0:503527060) Attempted to switch noclip
L 11/06/2021 - 23:18:17: [FAdmin] Xanthus (STEAM_0:0:503527060) Attempted to switch noclip
L 11/06/2021 - 23:18:18: [FAdmin] Xanthus (STEAM_0:0:503527060) Attempted to switch noclip
L 11/06/2021 - 23:18:22: [FAdmin] Xanthus (STEAM_0:0:503527060) Attempted to switch noclip
L 11/06/2021 - 23:18:24: [FAdmin] Xanthus (STEAM_0:0:503527060) Attempted to switch noclip
L 11/06/2021 - 23:18:26: [FAdmin] Xanthus (STEAM_0:0:503527060) Attempted to switch noclip
L 11/06/2021 - 23:18:28: [FAdmin] Xanthus (STEAM_0:0:503527060) Attempted to switch noclip
L 11/06/2021 - 23:18:29: [FAdmin] Xanthus (STEAM_0:0:503527060) Attempted to switch noclip
L 11/06/2021 - 23:18:30: [FAdmin] Xanthus (STEAM_0:0:503527060) Attempted to switch noclip
L 11/06/2021 - 23:18:33: [FAdmin] Xanthus (STEAM_0:0:503527060) Attempted to switch noclip
L 11/06/2021 - 23:18:34: [FAdmin] Xanthus (STEAM_0:0:503527060) Attempted to switch noclip
L 11/06/2021 - 23:18:45: [FAdmin] Xanthus (STEAM_0:0:503527060) Attempted to switch noclip
L 11/06/2021 - 23:18:48: [FAdmin] Xanthus (STEAM_0:0:503527060) Attempted to switch noclip
L 11/06/2021 - 23:18:49: [FAdmin] Xanthus (STEAM_0:0:503527060) Attempted to switch noclip
L 11/06/2021 - 23:18:50: [FAdmin] Xanthus (STEAM_0:0:503527060) Attempted to switch noclip
L 11/06/2021 - 23:18:51: [FAdmin] Xanthus (STEAM_0:0:503527060) Attempted to switch noclip
L 11/06/2021 - 23:18:54: [FAdmin] Xanthus (STEAM_0:0:503527060) Attempted to switch noclip
L 11/06/2021 - 23:18:56: [FAdmin] Xanthus (STEAM_0:0:503527060) Attempted to switch noclip
L 11/06/2021 - 23:18:57: [FAdmin] Xanthus (STEAM_0:0:503527060) Attempted to switch noclip
L 11/06/2021 - 23:19:00: [FAdmin] Xanthus (STEAM_0:0:503527060) Attempted to switch noclip
L 11/06/2021 - 23:19:01: [FAdmin] Xanthus (STEAM_0:0:503527060) Attempted to switch noclip
L 11/06/2021 - 23:19:07: [FAdmin] Xanthus (STEAM_0:0:503527060) Attempted to switch noclip
L 11/06/2021 - 23:19:17: [FAdmin] Xanthus (STEAM_0:0:503527060) Attempted to switch noclip
L 11/06/2021 - 23:19:20: [FAdmin] Xanthus (STEAM_0:0:503527060) Attempted to switch noclip
L 11/06/2021 - 23:19:21: [FAdmin] Xanthus (STEAM_0:0:503527060) Attempted to switch noclip
L 11/06/2021 - 23:19:24: [FAdmin] Xanthus (STEAM_0:0:503527060) Attempted to switch noclip
L 11/06/2021 - 23:19:25: [FAdmin] Xanthus (STEAM_0:0:503527060) Attempted to switch noclip
L 11/06/2021 - 23:19:27: [FAdmin] Xanthus (STEAM_0:0:503527060) Attempted to switch noclip
L 11/06/2021 - 23:19:28: [FAdmin] Xanthus (STEAM_0:0:503527060) Attempted to switch noclip
L 11/06/2021 - 23:19:31: [FAdmin] Xanthus (STEAM_0:0:503527060) Attempted to switch noclip
L 11/06/2021 - 23:19:32: [FAdmin] Xanthus (STEAM_0:0:503527060) Attempted to switch noclip
L 11/06/2021 - 23:19:41: [FAdmin] Xanthus (STEAM_0:0:503527060) Attempted to switch noclip
L 11/06/2021 - 23:19:43: [FAdmin] Xanthus (STEAM_0:0:503527060) Attempted to switch noclip
L 11/06/2021 - 23:19:44: [FAdmin] Xanthus (STEAM_0:0:503527060) Attempted to switch noclip
L 11/06/2021 - 23:19:45: [FAdmin] Xanthus (STEAM_0:0:503527060) Attempted to switch noclip
L 11/06/2021 - 23:19:47: [FAdmin] Xanthus (STEAM_0:0:503527060) Attempted to switch noclip
L 11/06/2021 - 23:19:48: [FAdmin] Xanthus (STEAM_0:0:503527060) Attempted to switch noclip
L 11/06/2021 - 23:19:50: [FAdmin] Xanthus (STEAM_0:0:503527060) Attempted to switch noclip
L 11/06/2021 - 23:19:51: [FAdmin] Xanthus (STEAM_0:0:503527060) Attempted to switch noclip
L 11/06/2021 - 23:20:06: [FAdmin] Xanthus (STEAM_0:0:503527060) Attempted to switch noclip
L 11/06/2021 - 23:20:06: [FAdmin] Xanthus (STEAM_0:0:503527060) Attempted to switch noclip
L 11/06/2021 - 23:20:08: [FAdmin] Xanthus (STEAM_0:0:503527060) Attempted to switch noclip
L 11/06/2021 - 23:20:10: [FAdmin] Xanthus (STEAM_0:0:503527060) Attempted to switch noclip
L 11/06/2021 - 23:20:10: [FAdmin] Xanthus (STEAM_0:0:503527060) Attempted to switch noclip
L 11/06/2021 - 23:20:11: [FAdmin] Xanthus (STEAM_0:0:503527060) Attempted to switch noclip
L 11/06/2021 - 23:20:12: [FAdmin] Xanthus (STEAM_0:0:503527060) Attempted to switch noclip
L 11/06/2021 - 23:20:13: [FAdmin] Xanthus (STEAM_0:0:503527060) Attempted to switch noclip
L 11/06/2021 - 23:20:15: [FAdmin] Xanthus (STEAM_0:0:503527060) Attempted to switch noclip
L 11/06/2021 - 23:20:15: [FAdmin] Xanthus (STEAM_0:0:503527060) Attempted to switch noclip
L 11/06/2021 - 23:20:17: [FAdmin] Xanthus (STEAM_0:0:503527060) Attempted to switch noclip
L 11/06/2021 - 23:20:17: [FAdmin] Xanthus (STEAM_0:0:503527060) Attempted to switch noclip
L 11/06/2021 - 23:20:18: [FAdmin] Xanthus (STEAM_0:0:503527060) Attempted to switch noclip
L 11/06/2021 - 23:20:18: [FAdmin] Xanthus (STEAM_0:0:503527060) Attempted to switch noclip
L 11/06/2021 - 23:20:20: [FAdmin] Xanthus (STEAM_0:0:503527060) Attempted to switch noclip
L 11/06/2021 - 23:20:22: [FAdmin] Xanthus (STEAM_0:0:503527060) Attempted to switch noclip
L 11/06/2021 - 23:20:22: [FAdmin] Xanthus (STEAM_0:0:503527060) Attempted to switch noclip
L 11/06/2021 - 23:20:23: [FAdmin] Xanthus (STEAM_0:0:503527060) Attempted to switch noclip
L 11/06/2021 - 23:20:23: [FAdmin] Xanthus (STEAM_0:0:503527060) Attempted to switch noclip
L 11/06/2021 - 23:20:24: [FAdmin] Xanthus (STEAM_0:0:503527060) Attempted to switch noclip
L 11/06/2021 - 23:20:24: [FAdmin] Xanthus (STEAM_0:0:503527060) Attempted to switch noclip
L 11/06/2021 - 23:20:24: [FAdmin] Xanthus (STEAM_0:0:503527060) Attempted to switch noclip
L 11/06/2021 - 23:20:25: [FAdmin] Xanthus (STEAM_0:0:503527060) Attempted to switch noclip
L 11/06/2021 - 23:20:25: [FAdmin] Xanthus (STEAM_0:0:503527060) Attempted to switch noclip
L 11/06/2021 - 23:20:36: [FAdmin] Xanthus (STEAM_0:0:503527060) Attempted to switch noclip
L 11/06/2021 - 23:20:37: [FAdmin] Xanthus (STEAM_0:0:503527060) Attempted to switch noclip
L 11/06/2021 - 23:20:37: [FAdmin] Xanthus (STEAM_0:0:503527060) Attempted to switch noclip
L 11/06/2021 - 23:20:38: [FAdmin] Xanthus (STEAM_0:0:503527060) Attempted to switch noclip
L 11/06/2021 - 23:20:40: [FAdmin] Xanthus (STEAM_0:0:503527060) Attempted to switch noclip
L 11/06/2021 - 23:20:40: [FAdmin] Xanthus (STEAM_0:0:503527060) Attempted to switch noclip
L 11/06/2021 - 23:20:41: [FAdmin] Xanthus (STEAM_0:0:503527060) Attempted to switch noclip
L 11/06/2021 - 23:20:41: [FAdmin] Xanthus (STEAM_0:0:503527060) Attempted to switch noclip
L 11/06/2021 - 23:20:42: [FAdmin] Xanthus (STEAM_0:0:503527060) Attempted to switch noclip
L 11/06/2021 - 23:20:43: [FAdmin] Xanthus (STEAM_0:0:503527060) Attempted to switch noclip
L 11/06/2021 - 23:20:45: [FAdmin] Xanthus (STEAM_0:0:503527060) Attempted to switch noclip
L 11/06/2021 - 23:20:45: [FAdmin] Xanthus (STEAM_0:0:503527060) Attempted to switch noclip
L 11/06/2021 - 23:20:46: [FAdmin] Xanthus (STEAM_0:0:503527060) Attempted to switch noclip
L 11/06/2021 - 23:20:46: [FAdmin] Xanthus (STEAM_0:0:503527060) Attempted to switch noclip
L 11/06/2021 - 23:20:56: [FAdmin] Xanthus (STEAM_0:0:503527060) Attempted to switch noclip
L 11/06/2021 - 23:20:57: [FAdmin] Xanthus (STEAM_0:0:503527060) Attempted to switch noclip
L 11/06/2021 - 23:20:58: [FAdmin] Xanthus (STEAM_0:0:503527060) Attempted to switch noclip
L 11/06/2021 - 23:20:59: [FAdmin] Xanthus (STEAM_0:0:503527060) Attempted to switch noclip
L 11/06/2021 - 23:20:59: [FAdmin] Xanthus (STEAM_0:0:503527060) Attempted to switch noclip
L 11/06/2021 - 23:21:00: [FAdmin] Xanthus (STEAM_0:0:503527060) Attempted to switch noclip
L 11/06/2021 - 23:21:02: [FAdmin] Xanthus (STEAM_0:0:503527060) Attempted to switch noclip
L 11/06/2021 - 23:21:03: [FAdmin] Xanthus (STEAM_0:0:503527060) Attempted to switch noclip
L 11/06/2021 - 23:21:04: [FAdmin] Xanthus (STEAM_0:0:503527060) Attempted to switch noclip
L 11/06/2021 - 23:21:05: [FAdmin] Xanthus (STEAM_0:0:503527060) Attempted to switch noclip
L 11/06/2021 - 23:21:07: [FAdmin] Xanthus (STEAM_0:0:503527060) Attempted to switch noclip
L 11/06/2021 - 23:21:08: [FAdmin] Xanthus (STEAM_0:0:503527060) Attempted to switch noclip
L 11/06/2021 - 23:21:12: [FAdmin] Xanthus (STEAM_0:0:503527060) Attempted to switch noclip
L 11/06/2021 - 23:21:13: [FAdmin] Xanthus (STEAM_0:0:503527060) Attempted to switch noclip
L 11/06/2021 - 23:21:14: [FAdmin] Xanthus (STEAM_0:0:503527060) Attempted to switch noclip
L 11/06/2021 - 23:21:15: [FAdmin] Xanthus (STEAM_0:0:503527060) Attempted to switch noclip
L 11/06/2021 - 23:21:16: [FAdmin] Xanthus (STEAM_0:0:503527060) Attempted to switch noclip
L 11/06/2021 - 23:21:17: [FAdmin] Xanthus (STEAM_0:0:503527060) Attempted to switch noclip
L 11/06/2021 - 23:21:34: [FAdmin] Xanthus (STEAM_0:0:503527060) Attempted to switch noclip
L 11/06/2021 - 23:21:35: [FAdmin] Xanthus (STEAM_0:0:503527060) Attempted to switch noclip
L 11/06/2021 - 23:21:37: [FAdmin] Xanthus (STEAM_0:0:503527060) Attempted to switch noclip
L 11/06/2021 - 23:21:38: [FAdmin] Xanthus (STEAM_0:0:503527060) Attempted to switch noclip
L 11/06/2021 - 23:21:40: [FAdmin] Xanthus (STEAM_0:0:503527060) Attempted to switch noclip
L 11/06/2021 - 23:21:41: [FAdmin] Xanthus (STEAM_0:0:503527060) Attempted to switch noclip
L 11/06/2021 - 23:21:54: [FAdmin] Xanthus (STEAM_0:0:503527060) Attempted to switch noclip
L 11/06/2021 - 23:21:55: [FAdmin] Xanthus (STEAM_0:0:503527060) Attempted to switch noclip
L 11/06/2021 - 23:21:58: [FAdmin] Xanthus (STEAM_0:0:503527060) Attempted to switch noclip
L 11/06/2021 - 23:21:59: [FAdmin] Xanthus (STEAM_0:0:503527060) Attempted to switch noclip
L 11/06/2021 - 23:21:59: [FAdmin] Xanthus (STEAM_0:0:503527060) Attempted to switch noclip
L 11/06/2021 - 23:22:01: [FAdmin] Xanthus (STEAM_0:0:503527060) Attempted to switch noclip
L 11/06/2021 - 23:22:06: [FAdmin] Xanthus (STEAM_0:0:503527060) Attempted to switch noclip
L 11/06/2021 - 23:22:07: [FAdmin] Xanthus (STEAM_0:0:503527060) Attempted to switch noclip
L 11/06/2021 - 23:22:09: [FAdmin] Xanthus (STEAM_0:0:503527060) Attempted to switch noclip
L 11/06/2021 - 23:22:11: [FAdmin] Xanthus (STEAM_0:0:503527060) Attempted to switch noclip
L 11/06/2021 - 23:22:31: [FAdmin] Xanthus (STEAM_0:0:503527060) Attempted to switch noclip
L 11/06/2021 - 23:22:32: [FAdmin] Xanthus (STEAM_0:0:503527060) Attempted to switch noclip
L 11/06/2021 - 23:22:33: [FAdmin] Xanthus (STEAM_0:0:503527060) Attempted to switch noclip
L 11/06/2021 - 23:22:33: [FAdmin] Xanthus (STEAM_0:0:503527060) Attempted to switch noclip
L 11/06/2021 - 23:22:35: [FAdmin] Xanthus (STEAM_0:0:503527060) Attempted to switch noclip
L 11/06/2021 - 23:22:35: [FAdmin] Xanthus (STEAM_0:0:503527060) Attempted to switch noclip
L 11/06/2021 - 23:22:36: [FAdmin] Xanthus (STEAM_0:0:503527060) Attempted to switch noclip
L 11/06/2021 - 23:22:36: [FAdmin] Xanthus (STEAM_0:0:503527060) Attempted to switch noclip
L 11/06/2021 - 23:22:38: [FAdmin] Xanthus (STEAM_0:0:503527060) Attempted to switch noclip
L 11/06/2021 - 23:22:38: [FAdmin] Xanthus (STEAM_0:0:503527060) Attempted to switch noclip
L 11/06/2021 - 23:22:39: [FAdmin] Xanthus (STEAM_0:0:503527060) Attempted to switch noclip
L 11/06/2021 - 23:22:40: [FAdmin] Xanthus (STEAM_0:0:503527060) Attempted to switch noclip
L 11/06/2021 - 23:22:42: [FAdmin] Xanthus (STEAM_0:0:503527060) Attempted to switch noclip
L 11/06/2021 - 23:22:42: [FAdmin] Xanthus (STEAM_0:0:503527060) Attempted to switch noclip
L 11/06/2021 - 23:23:20: [FAdmin] Xanthus (STEAM_0:0:503527060) Attempted to switch noclip
L 11/06/2021 - 23:23:21: [FAdmin] Xanthus (STEAM_0:0:503527060) Attempted to switch noclip
L 11/06/2021 - 23:23:23: [FAdmin] Xanthus (STEAM_0:0:503527060) Attempted to switch noclip
L 11/06/2021 - 23:23:23: [FAdmin] Xanthus (STEAM_0:0:503527060) Attempted to switch noclip
L 11/06/2021 - 23:23:26: [FAdmin] Xanthus (STEAM_0:0:503527060) Attempted to switch noclip
L 11/06/2021 - 23:23:27: [FAdmin] Xanthus (STEAM_0:0:503527060) Attempted to switch noclip
L 11/06/2021 - 23:23:29: [FAdmin] Xanthus (STEAM_0:0:503527060) Attempted to switch noclip
L 11/06/2021 - 23:23:30: [FAdmin] Xanthus (STEAM_0:0:503527060) Attempted to switch noclip
L 11/06/2021 - 23:23:33: [FAdmin] Xanthus (STEAM_0:0:503527060) Attempted to switch noclip
L 11/06/2021 - 23:23:34: [FAdmin] Xanthus (STEAM_0:0:503527060) Attempted to switch noclip
L 11/06/2021 - 23:23:36: [FAdmin] Xanthus (STEAM_0:0:503527060) Attempted to switch noclip
L 11/06/2021 - 23:23:37: [FAdmin] Xanthus (STEAM_0:0:503527060) Attempted to switch noclip
L 11/06/2021 - 23:23:40: [FAdmin] Xanthus (STEAM_0:0:503527060) Attempted to switch noclip
L 11/06/2021 - 23:23:40: [FAdmin] Xanthus (STEAM_0:0:503527060) Attempted to switch noclip
L 11/06/2021 - 23:23:43: [FAdmin] Xanthus (STEAM_0:0:503527060) Attempted to switch noclip
L 11/06/2021 - 23:23:44: [FAdmin] Xanthus (STEAM_0:0:503527060) Attempted to switch noclip
L 11/06/2021 - 23:23:46: [FAdmin] Xanthus (STEAM_0:0:503527060) Attempted to switch noclip
L 11/06/2021 - 23:23:47: [FAdmin] Xanthus (STEAM_0:0:503527060) Attempted to switch noclip
L 11/06/2021 - 23:23:48: [FAdmin] Xanthus (STEAM_0:0:503527060) Attempted to switch noclip
L 11/06/2021 - 23:23:49: [FAdmin] Xanthus (STEAM_0:0:503527060) Attempted to switch noclip
L 11/06/2021 - 23:23:55: [FAdmin] Xanthus (STEAM_0:0:503527060) Attempted to switch noclip
L 11/06/2021 - 23:23:56: [FAdmin] Xanthus (STEAM_0:0:503527060) Attempted to switch noclip
L 11/06/2021 - 23:23:58: [FAdmin] Xanthus (STEAM_0:0:503527060) Attempted to switch noclip
L 11/06/2021 - 23:23:59: [FAdmin] Xanthus (STEAM_0:0:503527060) Attempted to switch noclip
L 11/06/2021 - 23:24:00: [FAdmin] Xanthus (STEAM_0:0:503527060) Attempted to switch noclip
L 11/06/2021 - 23:24:01: [FAdmin] Xanthus (STEAM_0:0:503527060) Attempted to switch noclip
L 11/06/2021 - 23:24:07: [FAdmin] Xanthus (STEAM_0:0:503527060) Attempted to switch noclip
L 11/06/2021 - 23:24:08: [FAdmin] Xanthus (STEAM_0:0:503527060) Attempted to switch noclip
L 11/06/2021 - 23:24:10: [FAdmin] Xanthus (STEAM_0:0:503527060) Attempted to switch noclip
L 11/06/2021 - 23:24:10: [FAdmin] Xanthus (STEAM_0:0:503527060) Attempted to switch noclip
L 11/06/2021 - 23:24:11: [FAdmin] Xanthus (STEAM_0:0:503527060) Attempted to switch noclip
L 11/06/2021 - 23:24:11: [FAdmin] Xanthus (STEAM_0:0:503527060) Attempted to switch noclip
L 11/06/2021 - 23:24:15: [FAdmin] Xanthus (STEAM_0:0:503527060) Attempted to switch noclip
L 11/06/2021 - 23:24:15: [FAdmin] Xanthus (STEAM_0:0:503527060) Attempted to switch noclip
L 11/06/2021 - 23:24:17: [FAdmin] Xanthus (STEAM_0:0:503527060) Attempted to switch noclip
L 11/06/2021 - 23:24:18: [FAdmin] Xanthus (STEAM_0:0:503527060) Attempted to switch noclip
L 11/06/2021 - 23:24:22: [FAdmin] Xanthus (STEAM_0:0:503527060) Attempted to switch noclip
L 11/06/2021 - 23:24:23: [FAdmin] Xanthus (STEAM_0:0:503527060) Attempted to switch noclip
L 11/06/2021 - 23:24:27: [FAdmin] Xanthus (STEAM_0:0:503527060) Attempted to switch noclip
L 11/06/2021 - 23:24:28: [FAdmin] Xanthus (STEAM_0:0:503527060) Attempted to switch noclip
L 11/06/2021 - 23:24:33: [FAdmin] Xanthus (STEAM_0:0:503527060) Attempted to switch noclip
L 11/06/2021 - 23:24:34: [FAdmin] Xanthus (STEAM_0:0:503527060) Attempted to switch noclip
L 11/06/2021 - 23:24:37: [FAdmin] Xanthus (STEAM_0:0:503527060) Attempted to switch noclip
L 11/06/2021 - 23:24:38: [FAdmin] Xanthus (STEAM_0:0:503527060) Attempted to switch noclip
L 11/06/2021 - 23:24:40: [FAdmin] Xanthus (STEAM_0:0:503527060) Attempted to switch noclip
L 11/06/2021 - 23:24:40: [FAdmin] Xanthus (STEAM_0:0:503527060) Attempted to switch noclip
L 11/06/2021 - 23:24:44: [FAdmin] Xanthus (STEAM_0:0:503527060) Attempted to switch noclip
L 11/06/2021 - 23:24:44: [FAdmin] Xanthus (STEAM_0:0:503527060) Attempted to switch noclip
L 11/06/2021 - 23:24:44: [FAdmin] Xanthus (STEAM_0:0:503527060) Attempted to switch noclip
L 11/06/2021 - 23:24:45: [FAdmin] Xanthus (STEAM_0:0:503527060) Attempted to switch noclip
L 11/06/2021 - 23:24:46: [FAdmin] Xanthus (STEAM_0:0:503527060) Attempted to switch noclip
L 11/06/2021 - 23:24:49: [FAdmin] Xanthus (STEAM_0:0:503527060) Attempted to switch noclip
L 11/06/2021 - 23:24:52: [FAdmin] Xanthus (STEAM_0:0:503527060) Attempted to switch noclip
L 11/06/2021 - 23:24:53: [FAdmin] Xanthus (STEAM_0:0:503527060) Attempted to switch noclip
L 11/06/2021 - 23:24:54: [FAdmin] Xanthus (STEAM_0:0:503527060) Attempted to switch noclip
L 11/06/2021 - 23:24:55: [FAdmin] Xanthus (STEAM_0:0:503527060) Attempted to switch noclip
L 11/06/2021 - 23:24:56: [FAdmin] Xanthus (STEAM_0:0:503527060) Attempted to switch noclip
L 11/06/2021 - 23:24:58: [FAdmin] Xanthus (STEAM_0:0:503527060) Attempted to switch noclip
L 11/06/2021 - 23:25:25: [FAdmin] Xanthus (STEAM_0:0:503527060) Attempted to switch noclip
L 11/06/2021 - 23:25:27: [FAdmin] Xanthus (STEAM_0:0:503527060) Attempted to switch noclip
L 11/06/2021 - 23:25:27: [FAdmin] Xanthus (STEAM_0:0:503527060) Attempted to switch noclip
L 11/06/2021 - 23:25:27: [FAdmin] Xanthus (STEAM_0:0:503527060) Attempted to switch noclip
L 11/06/2021 - 23:25:29: [FAdmin] Xanthus (STEAM_0:0:503527060) Attempted to switch noclip
L 11/06/2021 - 23:25:29: [FAdmin] Xanthus (STEAM_0:0:503527060) Attempted to switch noclip
L 11/06/2021 - 23:25:30: [FAdmin] Xanthus (STEAM_0:0:503527060) Attempted to switch noclip
L 11/06/2021 - 23:25:31: [FAdmin] Xanthus (STEAM_0:0:503527060) Attempted to switch noclip
L 11/06/2021 - 23:25:32: [FAdmin] Xanthus (STEAM_0:0:503527060) Attempted to switch noclip
L 11/06/2021 - 23:25:32: [FAdmin] Xanthus (STEAM_0:0:503527060) Attempted to switch noclip
L 11/06/2021 - 23:25:36: [FAdmin] Xanthus (STEAM_0:0:503527060) Attempted to switch noclip
L 11/06/2021 - 23:25:36: [FAdmin] Xanthus (STEAM_0:0:503527060) Attempted to switch noclip
L 11/06/2021 - 23:25:38: [FAdmin] Xanthus (STEAM_0:0:503527060) Attempted to switch noclip
L 11/06/2021 - 23:25:38: [FAdmin] Xanthus (STEAM_0:0:503527060) Attempted to switch noclip
L 11/06/2021 - 23:25:39: [FAdmin] Xanthus (STEAM_0:0:503527060) Attempted to switch noclip
L 11/06/2021 - 23:25:41: [FAdmin] Xanthus (STEAM_0:0:503527060) Attempted to switch noclip
L 11/06/2021 - 23:25:42: [FAdmin] Xanthus (STEAM_0:0:503527060) Attempted to switch noclip
L 11/06/2021 - 23:25:43: [FAdmin] Xanthus (STEAM_0:0:503527060) Attempted to switch noclip
L 11/06/2021 - 23:25:44: [FAdmin] Xanthus (STEAM_0:0:503527060) Attempted to switch noclip
L 11/06/2021 - 23:25:45: [FAdmin] Xanthus (STEAM_0:0:503527060) Attempted to switch noclip
L 11/06/2021 - 23:25:46: [FAdmin] Xanthus (STEAM_0:0:503527060) Attempted to switch noclip
L 11/06/2021 - 23:25:47: [FAdmin] Xanthus (STEAM_0:0:503527060) Attempted to switch noclip
L 11/06/2021 - 23:25:47: [FAdmin] Xanthus (STEAM_0:0:503527060) Attempted to switch noclip
L 11/06/2021 - 23:25:47: [FAdmin] Xanthus (STEAM_0:0:503527060) Attempted to switch noclip
L 11/06/2021 - 23:25:50: [FAdmin] Xanthus (STEAM_0:0:503527060) Attempted to switch noclip
L 11/06/2021 - 23:25:51: [FAdmin] Xanthus (STEAM_0:0:503527060) Attempted to switch noclip
L 11/06/2021 - 23:25:53: [FAdmin] Xanthus (STEAM_0:0:503527060) Attempted to switch noclip
L 11/06/2021 - 23:25:55: [FAdmin] Xanthus (STEAM_0:0:503527060) Attempted to switch noclip
L 11/06/2021 - 23:26:23: [FAdmin] Xanthus (STEAM_0:0:503527060) Attempted to switch noclip
L 11/06/2021 - 23:26:24: [FAdmin] Xanthus (STEAM_0:0:503527060) Attempted to switch noclip
L 11/06/2021 - 23:26:25: [FAdmin] Xanthus (STEAM_0:0:503527060) Attempted to switch noclip
L 11/06/2021 - 23:26:26: [FAdmin] Xanthus (STEAM_0:0:503527060) Attempted to switch noclip
L 11/06/2021 - 23:26:27: [FAdmin] Xanthus (STEAM_0:0:503527060) Attempted to switch noclip
L 11/06/2021 - 23:26:28: [FAdmin] Xanthus (STEAM_0:0:503527060) Attempted to switch noclip
L 11/06/2021 - 23:26:30: [FAdmin] Xanthus (STEAM_0:0:503527060) Attempted to switch noclip
L 11/06/2021 - 23:26:31: [FAdmin] Xanthus (STEAM_0:0:503527060) Attempted to switch noclip
L 11/06/2021 - 23:26:32: [FAdmin] Xanthus (STEAM_0:0:503527060) Attempted to switch noclip
L 11/06/2021 - 23:26:35: [FAdmin] Xanthus (STEAM_0:0:503527060) Attempted to switch noclip
L 11/06/2021 - 23:26:36: [FAdmin] Xanthus (STEAM_0:0:503527060) Attempted to switch noclip
L 11/06/2021 - 23:26:37: [FAdmin] Xanthus (STEAM_0:0:503527060) Attempted to switch noclip
L 11/06/2021 - 23:26:45: [FAdmin] Xanthus (STEAM_0:0:503527060) Attempted to switch noclip
L 11/06/2021 - 23:26:46: [FAdmin] Xanthus (STEAM_0:0:503527060) Attempted to switch noclip
L 11/06/2021 - 23:26:47: [FAdmin] Xanthus (STEAM_0:0:503527060) Attempted to switch noclip
L 11/06/2021 - 23:26:48: [FAdmin] Xanthus (STEAM_0:0:503527060) Attempted to switch noclip
L 11/06/2021 - 23:26:48: [FAdmin] Xanthus (STEAM_0:0:503527060) Attempted to switch noclip
L 11/06/2021 - 23:26:49: [FAdmin] Xanthus (STEAM_0:0:503527060) Attempted to switch noclip
L 11/06/2021 - 23:26:51: [FAdmin] Xanthus (STEAM_0:0:503527060) Attempted to switch noclip
L 11/06/2021 - 23:26:52: [FAdmin] Xanthus (STEAM_0:0:503527060) Attempted to switch noclip
L 11/06/2021 - 23:26:52: [FAdmin] Xanthus (STEAM_0:0:503527060) Attempted to switch noclip
L 11/06/2021 - 23:26:52: [FAdmin] Xanthus (STEAM_0:0:503527060) Attempted to switch noclip
L 11/06/2021 - 23:26:53: [FAdmin] Xanthus (STEAM_0:0:503527060) Attempted to switch noclip
L 11/06/2021 - 23:26:56: [FAdmin] Xanthus (STEAM_0:0:503527060) Attempted to switch noclip
L 11/06/2021 - 23:26:57: [FAdmin] Xanthus (STEAM_0:0:503527060) Attempted to switch noclip
L 11/06/2021 - 23:26:58: [FAdmin] Xanthus (STEAM_0:0:503527060) Attempted to switch noclip
L 11/06/2021 - 23:26:59: [FAdmin] Xanthus (STEAM_0:0:503527060) Attempted to switch noclip
L 11/06/2021 - 23:26:59: [FAdmin] Xanthus (STEAM_0:0:503527060) Attempted to switch noclip
L 11/06/2021 - 23:27:02: [FAdmin] Xanthus (STEAM_0:0:503527060) Attempted to switch noclip
L 11/06/2021 - 23:27:02: [FAdmin] Xanthus (STEAM_0:0:503527060) Attempted to switch noclip
L 11/06/2021 - 23:27:03: [FAdmin] Xanthus (STEAM_0:0:503527060) Attempted to switch noclip
L 11/06/2021 - 23:27:04: [FAdmin] Xanthus (STEAM_0:0:503527060) Attempted to switch noclip
L 11/06/2021 - 23:27:04: [FAdmin] Xanthus (STEAM_0:0:503527060) Attempted to switch noclip
L 11/06/2021 - 23:27:05: [FAdmin] Xanthus (STEAM_0:0:503527060) Attempted to switch noclip
L 11/06/2021 - 23:27:07: [FAdmin] Xanthus (STEAM_0:0:503527060) Attempted to switch noclip
L 11/06/2021 - 23:27:07: [FAdmin] Xanthus (STEAM_0:0:503527060) Attempted to switch noclip
L 11/06/2021 - 23:27:08: [FAdmin] Xanthus (STEAM_0:0:503527060) Attempted to switch noclip
L 11/06/2021 - 23:27:09: [FAdmin] Xanthus (STEAM_0:0:503527060) Attempted to switch noclip
L 11/06/2021 - 23:27:10: [FAdmin] Xanthus (STEAM_0:0:503527060) Attempted to switch noclip
L 11/06/2021 - 23:27:10: [FAdmin] Xanthus (STEAM_0:0:503527060) Attempted to switch noclip
L 11/06/2021 - 23:27:12: [FAdmin] Xanthus (STEAM_0:0:503527060) Attempted to switch noclip
L 11/06/2021 - 23:27:12: [FAdmin] Xanthus (STEAM_0:0:503527060) Attempted to switch noclip
L 11/06/2021 - 23:27:16: [FAdmin] Xanthus (STEAM_0:0:503527060) Attempted to switch noclip
L 11/06/2021 - 23:27:19: [FAdmin] Xanthus (STEAM_0:0:503527060) Attempted to switch noclip
L 11/06/2021 - 23:27:20: [FAdmin] Xanthus (STEAM_0:0:503527060) Attempted to switch noclip
L 11/06/2021 - 23:27:22: [FAdmin] Xanthus (STEAM_0:0:503527060) Attempted to switch noclip
L 11/06/2021 - 23:27:23: [FAdmin] Xanthus (STEAM_0:0:503527060) Attempted to switch noclip
L 11/06/2021 - 23:27:23: [FAdmin] Xanthus (STEAM_0:0:503527060) Attempted to switch noclip
L 11/06/2021 - 23:27:24: [FAdmin] Xanthus (STEAM_0:0:503527060) Attempted to switch noclip
L 11/06/2021 - 23:27:26: [FAdmin] Xanthus (STEAM_0:0:503527060) Attempted to switch noclip
L 11/06/2021 - 23:27:27: [FAdmin] Xanthus (STEAM_0:0:503527060) Attempted to switch noclip
L 11/06/2021 - 23:27:30: [FAdmin] Xanthus (STEAM_0:0:503527060) Attempted to switch noclip
L 11/06/2021 - 23:27:35: [FAdmin] Xanthus (STEAM_0:0:503527060) Attempted to switch noclip
L 11/06/2021 - 23:27:36: [FAdmin] Xanthus (STEAM_0:0:503527060) Attempted to switch noclip
L 11/06/2021 - 23:27:37: [FAdmin] Xanthus (STEAM_0:0:503527060) Attempted to switch noclip
L 11/06/2021 - 23:27:37: [FAdmin] Xanthus (STEAM_0:0:503527060) Attempted to switch noclip
L 11/06/2021 - 23:27:38: [FAdmin] Xanthus (STEAM_0:0:503527060) Attempted to switch noclip
L 11/06/2021 - 23:27:38: [FAdmin] Xanthus (STEAM_0:0:503527060) Attempted to switch noclip
L 11/06/2021 - 23:27:39: [FAdmin] Xanthus (STEAM_0:0:503527060) Attempted to switch noclip
L 11/06/2021 - 23:27:40: [FAdmin] Xanthus (STEAM_0:0:503527060) Attempted to switch noclip
L 11/06/2021 - 23:27:40: [FAdmin] Xanthus (STEAM_0:0:503527060) Attempted to switch noclip
L 11/06/2021 - 23:27:42: [FAdmin] Xanthus (STEAM_0:0:503527060) Attempted to switch noclip
L 11/06/2021 - 23:27:49: [FAdmin] Xanthus (STEAM_0:0:503527060) Attempted to switch noclip
L 11/06/2021 - 23:27:49: [FAdmin] Xanthus (STEAM_0:0:503527060) Attempted to switch noclip
L 11/06/2021 - 23:27:51: [FAdmin] Xanthus (STEAM_0:0:503527060) Attempted to switch noclip
L 11/06/2021 - 23:27:51: [FAdmin] Xanthus (STEAM_0:0:503527060) Attempted to switch noclip
L 11/06/2021 - 23:27:53: [FAdmin] Xanthus (STEAM_0:0:503527060) Attempted to switch noclip
L 11/06/2021 - 23:27:53: [FAdmin] Xanthus (STEAM_0:0:503527060) Attempted to switch noclip
L 11/06/2021 - 23:27:54: [FAdmin] Xanthus (STEAM_0:0:503527060) Attempted to switch noclip
L 11/06/2021 - 23:27:55: [FAdmin] Xanthus (STEAM_0:0:503527060) Attempted to switch noclip
L 11/06/2021 - 23:27:56: [FAdmin] Xanthus (STEAM_0:0:503527060) Attempted to switch noclip
L 11/06/2021 - 23:27:58: [FAdmin] Xanthus (STEAM_0:0:503527060) Attempted to switch noclip
L 11/06/2021 - 23:28:01: [FAdmin] Xanthus (STEAM_0:0:503527060) Attempted to switch noclip
L 11/06/2021 - 23:28:03: [FAdmin] Xanthus (STEAM_0:0:503527060) Attempted to switch noclip
L 11/06/2021 - 23:28:04: [FAdmin] Xanthus (STEAM_0:0:503527060) Attempted to switch noclip
L 11/06/2021 - 23:28:04: [FAdmin] Xanthus (STEAM_0:0:503527060) Attempted to switch noclip
L 11/06/2021 - 23:28:05: [FAdmin] Xanthus (STEAM_0:0:503527060) Attempted to switch noclip
L 11/06/2021 - 23:28:06: [FAdmin] Xanthus (STEAM_0:0:503527060) Attempted to switch noclip
L 11/06/2021 - 23:28:08: [FAdmin] Xanthus (STEAM_0:0:503527060) Attempted to switch noclip
L 11/06/2021 - 23:28:18: [FAdmin] Xanthus (STEAM_0:0:503527060) Attempted to switch noclip
L 11/06/2021 - 23:28:24: [FAdmin] Xanthus (STEAM_0:0:503527060) Attempted to switch noclip
L 11/06/2021 - 23:28:25: [FAdmin] Xanthus (STEAM_0:0:503527060) Attempted to switch noclip
L 11/06/2021 - 23:28:26: [FAdmin] Xanthus (STEAM_0:0:503527060) Attempted to switch noclip
L 11/06/2021 - 23:28:27: [FAdmin] Xanthus (STEAM_0:0:503527060) Attempted to switch noclip
L 11/06/2021 - 23:28:28: [FAdmin] Xanthus (STEAM_0:0:503527060) Attempted to switch noclip
L 11/06/2021 - 23:28:30: [FAdmin] Xanthus (STEAM_0:0:503527060) Attempted to switch noclip
L 11/06/2021 - 23:28:31: [FAdmin] Xanthus (STEAM_0:0:503527060) Attempted to switch noclip
L 11/06/2021 - 23:28:33: [FAdmin] Xanthus (STEAM_0:0:503527060) Attempted to switch noclip
L 11/06/2021 - 23:28:34: [FAdmin] Xanthus (STEAM_0:0:503527060) Attempted to switch noclip
L 11/06/2021 - 23:28:35: [FAdmin] Xanthus (STEAM_0:0:503527060) Attempted to switch noclip
L 11/06/2021 - 23:28:36: [FAdmin] Xanthus (STEAM_0:0:503527060) Attempted to switch noclip
L 11/06/2021 - 23:28:38: [FAdmin] Xanthus (STEAM_0:0:503527060) Attempted to switch noclip
L 11/06/2021 - 23:28:47: [FAdmin] Xanthus (STEAM_0:0:503527060) Attempted to switch noclip
L 11/06/2021 - 23:28:49: [FAdmin] Xanthus (STEAM_0:0:503527060) Attempted to switch noclip
L 11/06/2021 - 23:28:50: [FAdmin] Xanthus (STEAM_0:0:503527060) Attempted to switch noclip
L 11/06/2021 - 23:28:50: [FAdmin] Xanthus (STEAM_0:0:503527060) Attempted to switch noclip
L 11/06/2021 - 23:28:51: [FAdmin] Xanthus (STEAM_0:0:503527060) Attempted to switch noclip
L 11/06/2021 - 23:28:53: [FAdmin] Xanthus (STEAM_0:0:503527060) Attempted to switch noclip
L 11/06/2021 - 23:28:54: [FAdmin] Xanth